<?xml version="1.0" encoding="UTF-8"?>
<testng-results skipped="0" failed="0" ignored="0" total="1" passed="1">
  <reporter-output>
  </reporter-output>
  <suite name="tests.FirstTest" duration-ms="4194" started-at="2017-12-23T23:42:05Z" finished-at="2017-12-23T23:42:10Z">
    <groups>
    </groups>
    <test name="Command line test" duration-ms="4194" started-at="2017-12-23T23:42:05Z" finished-at="2017-12-23T23:42:10Z">
      <class name="tests.FirstTest">
        <test-method status="PASS" signature="test()[pri:0, instance:tests.FirstTest@2d554825]" name="test" duration-ms="4178" started-at="2017-12-24T00:42:05Z" finished-at="2017-12-24T00:42:10Z">
          <reporter-output>
          </reporter-output>
        </test-method> <!-- test -->
      </class> <!-- tests.FirstTest -->
    </test> <!-- Command line test -->
  </suite> <!-- tests.FirstTest -->
</testng-results>
