<?xml version="1.0" encoding="UTF-8"?>
<testng-results skipped="0" failed="0" ignored="0" total="1" passed="1">
  <reporter-output>
  </reporter-output>
  <suite name="Suite" duration-ms="4539" started-at="2017-12-23T22:44:06Z" finished-at="2017-12-23T22:44:10Z">
    <groups>
    </groups>
    <test name="Test" duration-ms="4539" started-at="2017-12-23T22:44:06Z" finished-at="2017-12-23T22:44:10Z">
      <class name="tests.FirstTest">
        <test-method status="PASS" signature="test()[pri:0, instance:tests.FirstTest@396a51ab]" name="test" duration-ms="4524" started-at="2017-12-23T23:44:06Z" finished-at="2017-12-23T23:44:10Z">
          <reporter-output>
          </reporter-output>
        </test-method> <!-- test -->
      </class> <!-- tests.FirstTest -->
    </test> <!-- Test -->
  </suite> <!-- Suite -->
</testng-results>
